app/features/stock/impl/build/intermediates/manifest_merge_blame_file/debug/manifest-merger-blame-debug-report.txt
1<?xml version="1.0" encoding="utf-8"?>
2<manifest xmlns:android="http://schemas.android.com/apk/res/android"
3    package="pontinisystems.myearnings.features.stock.impl" >
4
5    <uses-sdk
6        android:minSdkVersion="29"
6-->src/main/AndroidManifest.xml
7        android:targetSdkVersion="31" />
7-->src/main/AndroidManifest.xml
8
9    <application>
9-->src/main/AndroidManifest.xml:5:5-7:19
10    </application>
11
12</manifest>